<?xml version="1.0" encoding="UTF-8" ?>
<testsuite failures="0" time="0.001" errors="0" skipped="0" tests="5" name="com.bjss.pricebasket.service.impl.BasketServiceImplTest">
  <properties>
[...]
</properties>
  <testcase time="0" classname="com.bjss.pricebasket.service.impl.BasketServiceImplTest" name="testNullBasket"/>
  <testcase time="0" classname="com.bjss.pricebasket.service.impl.BasketServiceImplTest" name="testEmptyBasket"/>
  <testcase time="0" classname="com.bjss.pricebasket.service.impl.BasketServiceImplTest" name="testNoOffers"/>
  <testcase time="0" classname="com.bjss.pricebasket.service.impl.BasketServiceImplTest" name="testOneOffer"/>
  <testcase time="0.001" classname="com.bjss.pricebasket.service.impl.BasketServiceImplTest" name="testMultipleOffers"/>
</testsuite>